<?xml version="1.0" encoding="UTF-8"?>
<!-- Generated by org.testng.reporters.JUnitReportReporter -->
<testsuite hostname="Family" failures="0" tests="1" name="com.testcases.AmazonTest" time="25.067" errors="0" timestamp="2024-04-09T09:59:59 PDT" skipped="0">
  <testcase classname="com.testcases.AmazonTest" name="MobileCloudTest" time="25.067"/>
  <system-out/>
</testsuite> <!-- com.testcases.AmazonTest -->
